<?xml version="1.0" encoding="UTF-8" ?>
<testsuite failures="0" time="0.156" errors="1" skipped="0" tests="1" name="net.praqma.clearcase.test.Testing">
  <properties>
    <property name="java.runtime.name" value="Java(TM) SE Runtime Environment"/>
    <property name="sun.boot.library.path" value="C:\development\glassfish3\jdk\jre\bin"/>
    <property name="java.vm.version" value="20.1-b02"/>
    <property name="java.vm.vendor" value="Sun Microsystems Inc."/>
    <property name="java.vendor.url" value="http://java.sun.com/"/>
    <property name="path.separator" value=";"/>
    <property name="java.vm.name" value="Java HotSpot(TM) 64-Bit Server VM"/>
    <property name="file.encoding.pkg" value="sun.io"/>
    <property name="user.country" value="DK"/>
    <property name="sun.java.launcher" value="SUN_STANDARD"/>
    <property name="sun.os.patch.level" value="Service Pack 1"/>
    <property name="java.vm.specification.name" value="Java Virtual Machine Specification"/>
    <property name="user.dir" value="C:\projects\cool\branches\test"/>
    <property name="java.runtime.version" value="1.6.0_26-b03"/>
    <property name="java.awt.graphicsenv" value="sun.awt.Win32GraphicsEnvironment"/>
    <property name="basedir" value="C:\projects\cool\branches\test"/>
    <property name="java.endorsed.dirs" value="C:\development\glassfish3\jdk\jre\lib\endorsed"/>
    <property name="os.arch" value="amd64"/>
    <property name="surefire.real.class.path" value="C:\projects\cool\branches\test\target\surefire\surefirebooter4963278550584517254.jar"/>
    <property name="java.io.tmpdir" value="C:\Users\wolfgang\AppData\Local\Temp\"/>
    <property name="line.separator" value="
"/>
    <property name="java.vm.specification.vendor" value="Sun Microsystems Inc."/>
    <property name="user.variant" value=""/>
    <property name="os.name" value="Windows 7"/>
    <property name="sun.jnu.encoding" value="Cp1252"/>
    <property name="java.library.path" value="C:\development\glassfish3\jdk\jre\bin;C:\Windows\Sun\Java\bin;C:\Windows\system32;C:\Windows;C:\Program Files (x86)\BullseyeCoverage\bin;C:\Program Files (x86)\MiKTeX 2.9\miktex\bin;C:\development\php53\;C:\Windows\system32;C:\Windows;C:\Windows\System32\Wbem;C:\Windows\System32\WindowsPowerShell\v1.0\;C:\Program Files (x86)\Bazaar;C:\Program Files (x86)\Git\cmd;C:\development\glassfish3\jdk\bin;C:\development\apache-maven-3.0.3\bin;C:\Program Files (x86)\Git\bin;C:\Program Files\TortoiseSVN\bin;C:\Program Files\SlikSvn\bin;C:\Program Files (x86)\Dr. Memory\bin;C:\development\Python27;C:\Program Files\TortoiseHg\;C:\Program Files (x86)\IDM Computer Solutions\UltraEdit\;."/>
    <property name="surefire.test.class.path" value="C:\projects\cool\branches\test\target\test-classes;C:\projects\cool\branches\test\target\classes;C:\projects\cool\branches\testharness\target\clearcase-test-harness.jar;C:\Users\wolfgang\.m2\repository\junit\junit\4.8.2\junit-4.8.2.jar;C:\Users\wolfgang\.m2\repository\commons-io\commons-io\2.1\commons-io-2.1.jar;"/>
    <property name="java.specification.name" value="Java Platform API Specification"/>
    <property name="java.class.version" value="50.0"/>
    <property name="sun.management.compiler" value="HotSpot 64-Bit Tiered Compilers"/>
    <property name="os.version" value="6.1"/>
    <property name="user.home" value="C:\Users\wolfgang"/>
    <property name="user.timezone" value="Europe/Paris"/>
    <property name="java.awt.printerjob" value="sun.awt.windows.WPrinterJob"/>
    <property name="java.specification.version" value="1.6"/>
    <property name="file.encoding" value="Cp1252"/>
    <property name="user.name" value="wolfgang"/>
    <property name="java.class.path" value="C:\projects\cool\branches\test\target\test-classes;C:\projects\cool\branches\test\target\classes;C:\projects\cool\branches\testharness\target\clearcase-test-harness.jar;C:\Users\wolfgang\.m2\repository\junit\junit\4.8.2\junit-4.8.2.jar;C:\Users\wolfgang\.m2\repository\commons-io\commons-io\2.1\commons-io-2.1.jar;"/>
    <property name="java.vm.specification.version" value="1.0"/>
    <property name="sun.arch.data.model" value="64"/>
    <property name="java.home" value="C:\development\glassfish3\jdk\jre"/>
    <property name="sun.java.command" value="C:\projects\cool\branches\test\target\surefire\surefirebooter4963278550584517254.jar C:\projects\cool\branches\test\target\surefire\surefire1576398345647992589tmp C:\projects\cool\branches\test\target\surefire\surefire335065468818961337tmp"/>
    <property name="java.specification.vendor" value="Sun Microsystems Inc."/>
    <property name="user.language" value="da"/>
    <property name="awt.toolkit" value="sun.awt.windows.WToolkit"/>
    <property name="java.vm.info" value="mixed mode"/>
    <property name="java.version" value="1.6.0_26"/>
    <property name="java.ext.dirs" value="C:\development\glassfish3\jdk\jre\lib\ext;C:\Windows\Sun\Java\lib\ext"/>
    <property name="sun.boot.class.path" value="C:\development\glassfish3\jdk\jre\lib\resources.jar;C:\development\glassfish3\jdk\jre\lib\rt.jar;C:\development\glassfish3\jdk\jre\lib\sunrsasign.jar;C:\development\glassfish3\jdk\jre\lib\jsse.jar;C:\development\glassfish3\jdk\jre\lib\jce.jar;C:\development\glassfish3\jdk\jre\lib\charsets.jar;C:\development\glassfish3\jdk\jre\lib\modules\jdk.boot.jar;C:\development\glassfish3\jdk\jre\classes"/>
    <property name="java.vendor" value="Sun Microsystems Inc."/>
    <property name="localRepository" value="C:\Users\wolfgang\.m2\repository"/>
    <property name="file.separator" value="\"/>
    <property name="java.vendor.url.bug" value="http://java.sun.com/cgi-bin/bugreport.cgi"/>
    <property name="sun.cpu.endian" value="little"/>
    <property name="sun.io.unicode.encoding" value="UnicodeLittle"/>
    <property name="sun.desktop" value="windows"/>
    <property name="sun.cpu.isalist" value="amd64"/>
  </properties>
  <testcase time="0.064" classname="net.praqma.clearcase.test.Testing" name="testBasic">
    <error type="java.lang.NullPointerException">java.lang.NullPointerException
	at net.praqma.clearcase.test.CoolTestCase.setUp(CoolTestCase.java:156)
	at junit.framework.TestCase.runBare(TestCase.java:132)
	at net.praqma.clearcase.test.CoolTestCase.runBare(CoolTestCase.java:181)
	at junit.framework.TestResult$1.protect(TestResult.java:110)
	at junit.framework.TestResult.runProtected(TestResult.java:128)
	at junit.framework.TestResult.run(TestResult.java:113)
	at junit.framework.TestCase.run(TestCase.java:124)
	at junit.framework.TestSuite.runTest(TestSuite.java:243)
	at junit.framework.TestSuite.run(TestSuite.java:238)
	at org.junit.internal.runners.JUnit38ClassRunner.run(JUnit38ClassRunner.java:83)
	at org.apache.maven.surefire.junit4.JUnit4TestSet.execute(JUnit4TestSet.java:35)
	at org.apache.maven.surefire.junit4.JUnit4Provider.executeTestSet(JUnit4Provider.java:115)
	at org.apache.maven.surefire.junit4.JUnit4Provider.invoke(JUnit4Provider.java:97)
	at sun.reflect.NativeMethodAccessorImpl.invoke0(Native Method)
	at sun.reflect.NativeMethodAccessorImpl.invoke(NativeMethodAccessorImpl.java:39)
	at sun.reflect.DelegatingMethodAccessorImpl.invoke(DelegatingMethodAccessorImpl.java:25)
	at java.lang.reflect.Method.invoke(Method.java:597)
	at org.apache.maven.surefire.booter.ProviderFactory$ClassLoaderProxy.invoke(ProviderFactory.java:103)
	at $Proxy0.invoke(Unknown Source)
	at org.apache.maven.surefire.booter.SurefireStarter.invokeProvider(SurefireStarter.java:150)
	at org.apache.maven.surefire.booter.SurefireStarter.runSuitesInProcess(SurefireStarter.java:91)
	at org.apache.maven.surefire.booter.ForkedBooter.main(ForkedBooter.java:69)
</error>
    <system-out>@HL
@HL-------------------------------------------------------
@HL T E S T S
@HL-------------------------------------------------------
@SLRunning net.praqma.clearcase.test.Testing
STATIC
[VERBOSE]  Constructor
[INFO]     BEFORE BARE
[DEBUG]    Setup ClearCase
[DEBUG]    Loading vob \TESTING_PVOB
[DEBUG]    Running on Windows 7
[DEBUG]    Using special windows environment
[DEBUG]    $(0) cleartool describe vob:\TESTING_PVOB
[DEBUG]    Abnormal process termination(1): &apos;cleartool&apos; is not recognized as an internal or external command,
operable program or batch file.
[FATAL]    The PVob \TESTING_PVOB already exists
</system-out>
  </testcase>
</testsuite>